CRITICAL - 2020-05-27 19:49:51 --> file_get_contents(): php_network_getaddresses: getaddrinfo failed: No such host is known. 
#0 [internal function]: CodeIgniter\Debug\Exceptions->errorHandler(2, 'file_get_conten...', 'Z:\\develop\\kuma...', 15, Array)
#1 Z:\develop\kumalagroup\app\Modules\kumalagroup\Controllers\Home.php(15): file_get_contents('http://portal.k...')
#2 Z:\develop\kumalagroup\system\CodeIgniter.php(910): App\Modules\kumalagroup\Controllers\Home->index()
#3 Z:\develop\kumalagroup\system\CodeIgniter.php(398): CodeIgniter\CodeIgniter->runController(Object(App\Modules\kumalagroup\Controllers\Home))
#4 Z:\develop\kumalagroup\system\CodeIgniter.php(306): CodeIgniter\CodeIgniter->handleRequest(NULL, Object(Config\Cache), false)
#5 Z:\develop\kumalagroup\index.php(44): CodeIgniter\CodeIgniter->run()
#6 {main}
CRITICAL - 2020-05-27 19:51:18 --> file_get_contents(): php_network_getaddresses: getaddrinfo failed: No such host is known. 
#0 [internal function]: CodeIgniter\Debug\Exceptions->errorHandler(2, 'file_get_conten...', 'Z:\\develop\\kuma...', 15, Array)
#1 Z:\develop\kumalagroup\app\Modules\kumalagroup\Controllers\Home.php(15): file_get_contents('http://portal.k...')
#2 Z:\develop\kumalagroup\system\CodeIgniter.php(910): App\Modules\kumalagroup\Controllers\Home->index()
#3 Z:\develop\kumalagroup\system\CodeIgniter.php(398): CodeIgniter\CodeIgniter->runController(Object(App\Modules\kumalagroup\Controllers\Home))
#4 Z:\develop\kumalagroup\system\CodeIgniter.php(306): CodeIgniter\CodeIgniter->handleRequest(NULL, Object(Config\Cache), false)
#5 Z:\develop\kumalagroup\index.php(44): CodeIgniter\CodeIgniter->run()
#6 {main}
CRITICAL - 2020-05-27 19:52:36 --> file_get_contents(): php_network_getaddresses: getaddrinfo failed: No such host is known. 
#0 [internal function]: CodeIgniter\Debug\Exceptions->errorHandler(2, 'file_get_conten...', 'Z:\\develop\\kuma...', 15, Array)
#1 Z:\develop\kumalagroup\app\Modules\kumalagroup\Controllers\Home.php(15): file_get_contents('http://portal.k...')
#2 Z:\develop\kumalagroup\system\CodeIgniter.php(910): App\Modules\kumalagroup\Controllers\Home->index()
#3 Z:\develop\kumalagroup\system\CodeIgniter.php(398): CodeIgniter\CodeIgniter->runController(Object(App\Modules\kumalagroup\Controllers\Home))
#4 Z:\develop\kumalagroup\system\CodeIgniter.php(306): CodeIgniter\CodeIgniter->handleRequest(NULL, Object(Config\Cache), false)
#5 Z:\develop\kumalagroup\index.php(44): CodeIgniter\CodeIgniter->run()
#6 {main}
CRITICAL - 2020-05-27 19:53:38 --> file_get_contents(): php_network_getaddresses: getaddrinfo failed: No such host is known. 
#0 [internal function]: CodeIgniter\Debug\Exceptions->errorHandler(2, 'file_get_conten...', 'Z:\\develop\\kuma...', 15, Array)
#1 Z:\develop\kumalagroup\app\Modules\kumalagroup\Controllers\Home.php(15): file_get_contents('http://portal.k...')
#2 Z:\develop\kumalagroup\system\CodeIgniter.php(910): App\Modules\kumalagroup\Controllers\Home->index()
#3 Z:\develop\kumalagroup\system\CodeIgniter.php(398): CodeIgniter\CodeIgniter->runController(Object(App\Modules\kumalagroup\Controllers\Home))
#4 Z:\develop\kumalagroup\system\CodeIgniter.php(306): CodeIgniter\CodeIgniter->handleRequest(NULL, Object(Config\Cache), false)
#5 Z:\develop\kumalagroup\index.php(44): CodeIgniter\CodeIgniter->run()
#6 {main}
CRITICAL - 2020-05-27 19:54:40 --> file_get_contents(): php_network_getaddresses: getaddrinfo failed: No such host is known. 
#0 [internal function]: CodeIgniter\Debug\Exceptions->errorHandler(2, 'file_get_conten...', 'Z:\\develop\\kuma...', 15, Array)
#1 Z:\develop\kumalagroup\app\Modules\kumalagroup\Controllers\Home.php(15): file_get_contents('http://portal.k...')
#2 Z:\develop\kumalagroup\system\CodeIgniter.php(910): App\Modules\kumalagroup\Controllers\Home->index()
#3 Z:\develop\kumalagroup\system\CodeIgniter.php(398): CodeIgniter\CodeIgniter->runController(Object(App\Modules\kumalagroup\Controllers\Home))
#4 Z:\develop\kumalagroup\system\CodeIgniter.php(306): CodeIgniter\CodeIgniter->handleRequest(NULL, Object(Config\Cache), false)
#5 Z:\develop\kumalagroup\index.php(44): CodeIgniter\CodeIgniter->run()
#6 {main}
CRITICAL - 2020-05-27 19:54:45 --> file_get_contents(): php_network_getaddresses: getaddrinfo failed: No such host is known. 
#0 [internal function]: CodeIgniter\Debug\Exceptions->errorHandler(2, 'file_get_conten...', 'Z:\\develop\\kuma...', 15, Array)
#1 Z:\develop\kumalagroup\app\Modules\kumalagroup\Controllers\Home.php(15): file_get_contents('http://portal.k...')
#2 Z:\develop\kumalagroup\system\CodeIgniter.php(910): App\Modules\kumalagroup\Controllers\Home->index()
#3 Z:\develop\kumalagroup\system\CodeIgniter.php(398): CodeIgniter\CodeIgniter->runController(Object(App\Modules\kumalagroup\Controllers\Home))
#4 Z:\develop\kumalagroup\system\CodeIgniter.php(306): CodeIgniter\CodeIgniter->handleRequest(NULL, Object(Config\Cache), false)
#5 Z:\develop\kumalagroup\index.php(44): CodeIgniter\CodeIgniter->run()
#6 {main}
CRITICAL - 2020-05-27 19:54:47 --> file_get_contents(): php_network_getaddresses: getaddrinfo failed: No such host is known. 
#0 [internal function]: CodeIgniter\Debug\Exceptions->errorHandler(2, 'file_get_conten...', 'Z:\\develop\\kuma...', 15, Array)
#1 Z:\develop\kumalagroup\app\Modules\kumalagroup\Controllers\Home.php(15): file_get_contents('http://portal.k...')
#2 Z:\develop\kumalagroup\system\CodeIgniter.php(910): App\Modules\kumalagroup\Controllers\Home->index()
#3 Z:\develop\kumalagroup\system\CodeIgniter.php(398): CodeIgniter\CodeIgniter->runController(Object(App\Modules\kumalagroup\Controllers\Home))
#4 Z:\develop\kumalagroup\system\CodeIgniter.php(306): CodeIgniter\CodeIgniter->handleRequest(NULL, Object(Config\Cache), false)
#5 Z:\develop\kumalagroup\index.php(44): CodeIgniter\CodeIgniter->run()
#6 {main}
CRITICAL - 2020-05-27 19:54:48 --> file_get_contents(): php_network_getaddresses: getaddrinfo failed: No such host is known. 
#0 [internal function]: CodeIgniter\Debug\Exceptions->errorHandler(2, 'file_get_conten...', 'Z:\\develop\\kuma...', 15, Array)
#1 Z:\develop\kumalagroup\app\Modules\kumalagroup\Controllers\Home.php(15): file_get_contents('http://portal.k...')
#2 Z:\develop\kumalagroup\system\CodeIgniter.php(910): App\Modules\kumalagroup\Controllers\Home->index()
#3 Z:\develop\kumalagroup\system\CodeIgniter.php(398): CodeIgniter\CodeIgniter->runController(Object(App\Modules\kumalagroup\Controllers\Home))
#4 Z:\develop\kumalagroup\system\CodeIgniter.php(306): CodeIgniter\CodeIgniter->handleRequest(NULL, Object(Config\Cache), false)
#5 Z:\develop\kumalagroup\index.php(44): CodeIgniter\CodeIgniter->run()
#6 {main}
